<?xml version="1.0" encoding="UTF-8"?>
<testsuite xmlns:xsi="http://www.w3.org/2001/XMLSchema-instance" xsi:noNamespaceSchemaLocation="https://maven.apache.org/surefire/maven-surefire-plugin/xsd/surefire-test-report-3.0.xsd" version="3.0" name="As user, I want to be able to create calendar events" time="14.841" tests="1" errors="1" skipped="0" failures="0">
  <properties>
[...]
</properties>
  <testcase name="Create a calendar event with default time" classname="As user, I want to be able to create calendar events" time="14.841">
    <error message="element click intercepted: Element &lt;a href=&quot;/calendar/event/create&quot; class=&quot;btn main-group btn-primary pull-right &quot; title=&quot;Create Calendar event&quot;&gt;...&lt;/a&gt; is not clickable at point (1410, 137). Other element would receive the click: &lt;div class=&quot;loader-mask shown&quot;&gt;...&lt;/div&gt;&#10;  (Session info: chrome=89.0.4389.128)&#10;Build info: version: &apos;3.141.59&apos;, revision: &apos;e82be7d358&apos;, time: &apos;2018-11-14T08:17:03&apos;&#10;System info: host: &apos;DESKTOP-K7HC21N&apos;, ip: &apos;192.168.0.14&apos;, os.name: &apos;Windows 10&apos;, os.arch: &apos;amd64&apos;, os.version: &apos;10.0&apos;, java.version: &apos;1.8.0_231&apos;&#10;Driver info: org.openqa.selenium.chrome.ChromeDriver&#10;Capabilities {acceptInsecureCerts: false, browserName: chrome, browserVersion: 89.0.4389.128, chrome: {chromedriverVersion: 89.0.4389.23 (61b08ee2c5002..., userDataDir: C:\Users\semra\AppData\Loca...}, goog:chromeOptions: {debuggerAddress: localhost:60030}, javascriptEnabled: true, networkConnectionEnabled: false, pageLoadStrategy: normal, platform: WINDOWS, platformName: WINDOWS, proxy: Proxy(), setWindowRect: true, strictFileInteractability: false, timeouts: {implicit: 0, pageLoad: 300000, script: 30000}, unhandledPromptBehavior: dismiss and notify, webauthn:extension:largeBlob: true, webauthn:virtualAuthenticators: true}&#10;Session ID: 97ae7e22edea86d3e3aada3362523280" type="org.openqa.selenium.ElementClickInterceptedException"><![CDATA[org.openqa.selenium.ElementClickInterceptedException: 
element click intercepted: Element <a href="/calendar/event/create" class="btn main-group btn-primary pull-right " title="Create Calendar event">...</a> is not clickable at point (1410, 137). Other element would receive the click: <div class="loader-mask shown">...</div>
  (Session info: chrome=89.0.4389.128)
Build info: version: '3.141.59', revision: 'e82be7d358', time: '2018-11-14T08:17:03'
System info: host: 'DESKTOP-K7HC21N', ip: '192.168.0.14', os.name: 'Windows 10', os.arch: 'amd64', os.version: '10.0', java.version: '1.8.0_231'
Driver info: org.openqa.selenium.chrome.ChromeDriver
Capabilities {acceptInsecureCerts: false, browserName: chrome, browserVersion: 89.0.4389.128, chrome: {chromedriverVersion: 89.0.4389.23 (61b08ee2c5002..., userDataDir: C:\Users\semra\AppData\Loca...}, goog:chromeOptions: {debuggerAddress: localhost:60030}, javascriptEnabled: true, networkConnectionEnabled: false, pageLoadStrategy: normal, platform: WINDOWS, platformName: WINDOWS, proxy: Proxy(), setWindowRect: true, strictFileInteractability: false, timeouts: {implicit: 0, pageLoad: 300000, script: 30000}, unhandledPromptBehavior: dismiss and notify, webauthn:extension:largeBlob: true, webauthn:virtualAuthenticators: true}
Session ID: 97ae7e22edea86d3e3aada3362523280
]]></error>
    <system-out><![CDATA[&amp#27;[32m&amp#27;[1m┌──────────────────────────────────────────────────────────────────────────┐&amp#27;[0m
&amp#27;[32m&amp#27;[1m│&amp#27;[0m View your Cucumber Report at:                                            &amp#27;[32m&amp#27;[1m│&amp#27;[0m
&amp#27;[32m&amp#27;[1m│&amp#27;[0m &amp#27;[1m&amp#27;[36m&amp#27;[4mhttps://reports.cucumber.io/reports/ad87f545-b6da-4412-8f0d-0d3c30679624&amp#27;[0m &amp#27;[32m&amp#27;[1m│&amp#27;[0m
&amp#27;[32m&amp#27;[1m│&amp#27;[0m                                                                          &amp#27;[32m&amp#27;[1m│&amp#27;[0m
&amp#27;[32m&amp#27;[1m│&amp#27;[0m &amp#27;[1mThis report will self-destruct in 24h.&amp#27;[0m                                   &amp#27;[32m&amp#27;[1m│&amp#27;[0m
&amp#27;[32m&amp#27;[1m│&amp#27;[0m Keep reports forever: &amp#27;[4m&amp#27;[1m&amp#27;[36mhttps://reports.cucumber.io/profile&amp#27;[0m                &amp#27;[32m&amp#27;[1m│&amp#27;[0m
&amp#27;[32m&amp#27;[1m└──────────────────────────────────────────────────────────────────────────┘&amp#27;[0m
::: Starting Automation:::
:::(^_^) End of test execution (*_*):::
]]></system-out>
    <system-err><![CDATA[SLF4J: Failed to load class "org.slf4j.impl.StaticLoggerBinder".
SLF4J: Defaulting to no-operation (NOP) logger implementation
SLF4J: See http://www.slf4j.org/codes.html#StaticLoggerBinder for further details.
Starting ChromeDriver 89.0.4389.23 (61b08ee2c50024bab004e48d2b1b083cdbdac579-refs/branch-heads/4389@{#294}) on port 28126
Only local connections are allowed.
Please see https://chromedriver.chromium.org/security-considerations for suggestions on keeping ChromeDriver safe.
ChromeDriver was started successfully.
Apr 15, 2021 4:02:00 PM org.openqa.selenium.remote.ProtocolHandshake createSession
INFO: Detected dialect: W3C
]]></system-err>
  </testcase>
</testsuite>